C51 COMPILER V9.59.0.0   BSP_TIMER                                                         04/18/2019 14:11:11 PAGE 1   


C51 COMPILER V9.59.0.0, COMPILATION OF MODULE BSP_TIMER
OBJECT MODULE PLACED IN .\Objects\bsp_timer.obj
COMPILER INVOKED BY: E:\MDK\C51\BIN\C51.EXE ..\bsp\bsp_timer.c OPTIMIZE(8,SPEED) BROWSE INCDIR(..\bsp;..\lib;..\TimeOut;
                    -..\user) DEBUG OBJECTEXTEND PRINT(.\Listings\bsp_timer.lst) TABS(7) OBJECT(.\Objects\bsp_timer.obj)

line level    source

   1          #include "bsp_timer.h"
   2          #include "system.h"
   3          
   4          
   5          extern unsigned char TableOnlyOneInputFlag;
   6          extern unsigned int    TableOnlyOneInputCnts;
   7          
   8          
   9          void Timer_Init(void)
  10          {
  11   1           TMCON = 0X07;    //------111 ;Timer0、Tiemr1和Tiemr2选择时钟Fsys
  12   1             
  13   1             //T0设置
  14   1             TMOD |= 0x01;                 //0000 0001;Timer0设置工作方式1
  15   1             TL0 = (65536 - 900)%256;    //溢出时间：时钟为Fsys，则24000*（1/Fsys）=1ms;
  16   1             TH0 = (65536 - 900)/256;
  17   1             TR0 = 0;
  18   1             ET0 = 1;//定时器0允许
  19   1             TR0 = 1;//打开定时器0
  20   1             
  21   1             #if 0
                     //T1设置
                     TMOD |= 0x20;            //0010 0000;Timer1设置工作方式2
                     TL1 = 256 - 240;   //溢出时间：时钟为Fsys，则240*（1/Fsys）=10us;
                     TH1 = 256 - 240;
                     TR1 = 0;
                     ET1 = 1;//定时器1允许
                     TR1 = 1;//打开定时器1
                     #endif
  30   1             
  31   1             //T2设置
  32   1             T2MOD = 0x00;
  33   1             T2CON = 0x00;  //设置为16位重载寄存器
  34   1             RCAP2H = (65536-48000)/256;     //溢出时间：时钟为Fsys，则48000*（1/Fsys）=2ms;
  35   1             RCAP2L = (65536-48000)%256;
  36   1             TR2 = 0;
  37   1             ET2 = 1;//定时器2允许
  38   1             TR2 = 1;//打开定时器2       
  39   1      }
  40          
  41          
  42          /**************************************************
  43          *函数名称：void timer0/1/2() interrupt 1/3/5
  44          *函数功能：定时器中断产生方波
  45          *入口参数：void
  46          *出口参数：void
  47          **************************************************/
  48          void timer0() interrupt 1
  49          {
  50   1          TL0 = (65536 - 900)%256;
  51   1          TH0 = (65536 - 900)/256;
  52   1          TimeOutDet_DecHandle();
  53   1          if(TableOnlyOneInputFlag)
  54   1          {
C51 COMPILER V9.59.0.0   BSP_TIMER                                                         04/18/2019 14:11:11 PAGE 2   

  55   2                    TableOnlyOneInputCnts ++;
  56   2          }
  57   1      }
  58          
  59          void timer1() interrupt 3
  60          {
  61   1             
  62   1      }
  63          
  64          void Timer2Int(void) interrupt 5
  65          {      
  66   1             
  67   1             TF2 = 0;   //溢出清零
  68   1             
  69   1      }
  70          
  71          
  72          


MODULE INFORMATION:   STATIC OVERLAYABLE
   CODE SIZE        =    117    ----
   CONSTANT SIZE    =   ----    ----
   XDATA SIZE       =   ----    ----
   PDATA SIZE       =   ----    ----
   DATA SIZE        =   ----    ----
   IDATA SIZE       =   ----    ----
   BIT SIZE         =   ----    ----
END OF MODULE INFORMATION.


C51 COMPILATION COMPLETE.  0 WARNING(S),  0 ERROR(S)
