C51 COMPILER V9.59.0.0   BSP_KEY                                                           04/16/2019 11:52:41 PAGE 1   


C51 COMPILER V9.59.0.0, COMPILATION OF MODULE BSP_KEY
OBJECT MODULE PLACED IN .\Objects\bsp_key.obj
COMPILER INVOKED BY: E:\MDK\C51\BIN\C51.EXE ..\bsp\bsp_key.c OPTIMIZE(8,SPEED) BROWSE INCDIR(..\bsp;..\lib;..\TimeOut;..
                    -\user) DEBUG OBJECTEXTEND PRINT(.\Listings\bsp_key.lst) TABS(7) OBJECT(.\Objects\bsp_key.obj)

line level    source

   1          #include "bsp_key.h"
   2          
   3          //KEY_FORMAT_K Key_Format;
   4          
   5          void Key_Init(void)
   6          {
   7   1             P2CON &= ~0XC0;
   8   1             P2PH   |= 0XC0;
   9   1      }
  10          
  11          unsigned char Key_Handle(unsigned char ID)
  12          {
  13   1             if(ID == KEY1_ID)
  14   1             {
  15   2                    if(KEY1_PIN == KEY_DOWN)
  16   2                    {
  17   3                          return 1;
  18   3                    }
  19   2                    else
  20   2                    {
  21   3                         return 0;
  22   3                    }
  23   2             }
  24   1             else if(ID == KEY2_ID)
  25   1             {
  26   2                    if(KEY2_PIN == KEY_DOWN)
  27   2                    {
  28   3                         return 1;
  29   3                    }
  30   2                    else
  31   2                    {
  32   3                         return 0;
  33   3                    }
  34   2             }
  35   1             else
  36   1             {
  37   2                    return 0;
  38   2             }
  39   1      }
  40          
  41          
  42          


MODULE INFORMATION:   STATIC OVERLAYABLE
   CODE SIZE        =     42    ----
   CONSTANT SIZE    =   ----    ----
   XDATA SIZE       =   ----    ----
   PDATA SIZE       =   ----    ----
   DATA SIZE        =   ----    ----
   IDATA SIZE       =   ----    ----
   BIT SIZE         =   ----    ----
END OF MODULE INFORMATION.


C51 COMPILATION COMPLETE.  0 WARNING(S),  0 ERROR(S)
