C51 COMPILER V9.59.0.0   BSP_UART                                                          04/16/2019 11:52:40 PAGE 1   


C51 COMPILER V9.59.0.0, COMPILATION OF MODULE BSP_UART
OBJECT MODULE PLACED IN .\Objects\bsp_uart.obj
COMPILER INVOKED BY: E:\MDK\C51\BIN\C51.EXE ..\bsp\bsp_uart.c OPTIMIZE(8,SPEED) BROWSE INCDIR(..\bsp;..\lib;..\TimeOut;.
                    -.\user) DEBUG OBJECTEXTEND PRINT(.\Listings\bsp_uart.lst) TABS(7) OBJECT(.\Objects\bsp_uart.obj)

line level    source

   1          #include "bsp_uart.h"
   2          
   3          unsigned char UartSendFlag,UartReceiveFlag;
   4          unsigned char Rev_Data,Rev_Num,Rev_String[REV_BUF_SIZE];
   5          
   6          
   7          void Uart_Init(void)
   8          {
   9   1             P1CON &= 0XF3;
  10   1             P1PH |= 0X0C;  //TX/RX为带上拉输入；
  11   1             P13 = 1;              //TX初始高电平；
  12   1             SCON = 0X50;     //方式1，允许接收数据
  13   1             PCON |= 0X80; 
  14   1             T2CON = 0x00;    //使用定时器1作UART时钟
  15   1             TMOD = 0X20;     //定时器1  8位自动重载
  16   1             TMCON = 0X02;    //定时器1   Fsys；
  17   1             //TL1 = 217;         
  18   1             TH1 = 243;            //UART 波特率24M情况下=38400；
  19   1             TR1 = 0;
  20   1             ET1 = 0;              //Timer1使能
  21   1             TR1 = 1;              //启动Timer0
  22   1             EUART = 1;         //允许UART中断
  23   1      }
  24          
  25          void Send_Byte(unsigned char Byte)
  26          {
  27   1             SBUF = Byte;
  28   1             while(!UartSendFlag);
  29   1             UartSendFlag = 0;
  30   1      }
  31          
  32          unsigned char Rev_Select(void)
  33          {
  34   1             if(Rev_Num & 0x80)
  35   1             {
  36   2                    Rev_Num = 0x00;
  37   2                    return 1;
  38   2             }
  39   1             else
  40   1             {
  41   2                    return 0;
  42   2             }
  43   1      }
  44          
  45          unsigned char Rev_Byte(void)
  46          {
  47   1             static unsigned char Byte;
  48   1             Byte = SBUF;
  49   1             //while(!UartReceiveFlag);
  50   1             //UartReceiveFlag = 0;
  51   1             return Byte;
  52   1      }
  53          
  54          static void Rev_Handle(void)
C51 COMPILER V9.59.0.0   BSP_UART                                                          04/16/2019 11:52:40 PAGE 2   

  55          {
  56   1             Rev_Data = Rev_Byte();
  57   1             if((Rev_Num & 0x08) == 0)
  58   1             {
  59   2                    if(Rev_Num & 0x40)
  60   2                    {
  61   3                           if(Rev_Data == 0x0a)
  62   3                           {
  63   4                                  Rev_Num = 0x80;
  64   4                           }
  65   3                           else
  66   3                           {
  67   4                                  Rev_Num = 0x00;
  68   4                           }
  69   3                    }
  70   2                    else
  71   2                    {
  72   3                           if(Rev_Data == 0x0d)
  73   3                           {
  74   4                                  Rev_Num = 0x40;
  75   4                           }
  76   3                           else
  77   3                           {
  78   4                                  Rev_String[Rev_Num] = Rev_Data;
  79   4                                  Rev_Num ++;
  80   4                                  if(Rev_String[0] != 0xfa)
  81   4                                  {
  82   5                                         Rev_Num = 0x00;
  83   5                                  }
  84   4                                  if(Rev_Num > REV_BUF_SIZE)
  85   4                                  {
  86   5                                         Rev_Num = 0x00;
  87   5                                  }
  88   4                           }
  89   3                    }
  90   2             }
  91   1      }
  92          
  93          /*****************************************************
  94          *函数名称：void UartInt(void) interrupt 4
  95          *函数功能：Uart0中断服务函数
  96          *入口参数：void
  97          *出口参数：void
  98          *****************************************************/
  99          void UartInt(void) interrupt 4
 100          {
 101   1             if(TI)
 102   1             {
 103   2                    TI = 0;       
 104   2                    UartSendFlag = 1;           
 105   2             }
 106   1             if(RI)
 107   1             {
 108   2                    RI = 0;       
 109   2                    UartReceiveFlag = 1;
 110   2                    Rev_Handle();
 111   2             }      
 112   1      }
 113          
 114          
 115          

C51 COMPILER V9.59.0.0   BSP_UART                                                          04/16/2019 11:52:40 PAGE 3   


MODULE INFORMATION:   STATIC OVERLAYABLE
   CODE SIZE        =    172    ----
   CONSTANT SIZE    =   ----    ----
   XDATA SIZE       =   ----    ----
   PDATA SIZE       =   ----    ----
   DATA SIZE        =     12    ----
   IDATA SIZE       =   ----    ----
   BIT SIZE         =   ----    ----
END OF MODULE INFORMATION.


C51 COMPILATION COMPLETE.  0 WARNING(S),  0 ERROR(S)
