C51 COMPILER V9.59.0.0   BSP_PUSH                                                          04/16/2019 14:12:26 PAGE 1   


C51 COMPILER V9.59.0.0, COMPILATION OF MODULE BSP_PUSH
OBJECT MODULE PLACED IN .\Objects\bsp_push.obj
COMPILER INVOKED BY: E:\MDK\C51\BIN\C51.EXE ..\bsp\bsp_push.c OPTIMIZE(8,SPEED) BROWSE INCDIR(..\bsp;..\lib;..\TimeOut;.
                    -.\user) DEBUG OBJECTEXTEND PRINT(.\Listings\bsp_push.lst) TABS(7) OBJECT(.\Objects\bsp_push.obj)

line level    source

   1          #include "bsp_push.h"
   2          
   3          static unsigned char OnlyOneInputFlag,OnlyTwoInputFlag;
   4          TIMEOUT_PARA TimeOut_Para[3];
   5          
   6          
   7          void Push_Init(void)
   8          {
   9   1             P0CON |= 0X3C;
  10   1             P0PH    &= ~0X3C;
  11   1             P2CON |= 0X33;
  12   1             P2PH   &= ~0X33;
  13   1      }
  14          
  15          
  16          void Push_Handle(PUSH_ADDR addr,PUSH_STATUS Push_Status)
  17          {
  18   1            if(addr == PUSHA_ADDR)
  19   1            {
  20   2                    if(Push_Status == PUSH_STOP)
  21   2                    {
  22   3                           PUSHA_OPEN_SET(0);
  23   3                           PUSHA_CLOSE_SET(0);
  24   3                    }
  25   2                    else if(Push_Status == PUSH_OPEN)
  26   2                    {
  27   3                           PUSHA_OPEN_SET(1);
  28   3                           PUSHA_CLOSE_SET(0);
  29   3                    }
  30   2                    else if(Push_Status == PUSH_CLOSE)
  31   2                    {
  32   3                           PUSHA_CLOSE_SET(1);
  33   3                           PUSHA_OPEN_SET(0);
  34   3                    }
  35   2            }
  36   1             else if(addr == PUSHB_ADDR)
  37   1             {
  38   2                    if(Push_Status == PUSH_STOP)
  39   2                    {
  40   3                           PUSHB_OPEN_SET(0);
  41   3                           PUSHB_CLOSE_SET(0);
  42   3                    }
  43   2                    else if(Push_Status == PUSH_OPEN)
  44   2                    {
  45   3                           PUSHB_OPEN_SET(1);
  46   3                           PUSHB_CLOSE_SET(0);
  47   3                    }
  48   2                    else if(Push_Status == PUSH_CLOSE)
  49   2                    {
  50   3                           PUSHB_CLOSE_SET(1);
  51   3                           PUSHB_OPEN_SET(0);
  52   3                    }
  53   2             }
  54   1             else if(addr == PUSHC_ADDR)
C51 COMPILER V9.59.0.0   BSP_PUSH                                                          04/16/2019 14:12:26 PAGE 2   

  55   1             {
  56   2                    if(Push_Status == PUSH_STOP)
  57   2                    {
  58   3                           PUSHC_OPEN_SET(0);
  59   3                           PUSHC_CLOSE_SET(0);
  60   3                    }
  61   2                    else if(Push_Status == PUSH_OPEN)
  62   2                    {
  63   3                           PUSHC_OPEN_SET(1);
  64   3                           PUSHC_CLOSE_SET(0);
  65   3                    }
  66   2                    else if(Push_Status == PUSH_CLOSE)
  67   2                    {
  68   3                           PUSHC_CLOSE_SET(1);
  69   3                           PUSHC_OPEN_SET(0);
  70   3                    }
  71   2             }
  72   1             else if(addr == PUSHD_ADDR)
  73   1             {
  74   2                    if(Push_Status == PUSH_STOP)
  75   2                    {
  76   3                           PUSHD_OPEN_SET(0);
  77   3                           PUSHD_CLOSE_SET(0);
  78   3                    }
  79   2                    else if(Push_Status == PUSH_OPEN)
  80   2                    {
  81   3                           PUSHD_OPEN_SET(1);
  82   3                           PUSHD_CLOSE_SET(0);
  83   3                    }
  84   2                    else if(Push_Status == PUSH_CLOSE)
  85   2                    {
  86   3                           PUSHD_CLOSE_SET(1);
  87   3                           PUSHD_OPEN_SET(0);
  88   3                    }
  89   2             }
  90   1      }
  91          
  92          void PushResetHandle(void)
  93          {
  94   1             if(!OnlyOneInputFlag)
  95   1             {
  96   2                    OnlyOneInputFlag = PushReset_True;
  97   2                    TimeOut_Record(&TimeOut_Para[0],500);//1000ms
  98   2                    PUSHA_CLOSE_SET(1);
  99   2             }
 100   1             if(TimeOutDet_Check(&TimeOut_Para[0]))
 101   1             {
 102   2                    if(!OnlyTwoInputFlag)
 103   2                    {
 104   3                           OnlyTwoInputFlag = PushReset_True;
 105   3                           TimeOut_Record(&TimeOut_Para[1],500);//1000ms
 106   3                           PUSHB_CLOSE_SET(1);
 107   3                    }
 108   2                    if(TimeOutDet_Check(&TimeOut_Para[1]))
 109   2                    {
 110   3                           PUSHC_CLOSE_SET(1);
 111   3                    }
 112   2             }
 113   1      }
 114          
 115          void PushResetBackHandle(void)
 116          {
C51 COMPILER V9.59.0.0   BSP_PUSH                                                          04/16/2019 14:12:26 PAGE 3   

 117   1              PUSHA_CLOSE_SET(0);
 118   1              PUSHB_CLOSE_SET(0);
 119   1              PUSHC_CLOSE_SET(0);
 120   1              OnlyOneInputFlag = PushReset_False;
 121   1              OnlyTwoInputFlag = PushReset_False;
 122   1      }
 123          


MODULE INFORMATION:   STATIC OVERLAYABLE
   CODE SIZE        =    277    ----
   CONSTANT SIZE    =   ----    ----
   XDATA SIZE       =   ----    ----
   PDATA SIZE       =   ----    ----
   DATA SIZE        =     26    ----
   IDATA SIZE       =   ----    ----
   BIT SIZE         =   ----    ----
END OF MODULE INFORMATION.


C51 COMPILATION COMPLETE.  0 WARNING(S),  0 ERROR(S)
