C51 COMPILER V9.59.0.0   BSP_TABLE                                                         04/16/2019 11:52:41 PAGE 1   


C51 COMPILER V9.59.0.0, COMPILATION OF MODULE BSP_TABLE
OBJECT MODULE PLACED IN .\Objects\bsp_table.obj
COMPILER INVOKED BY: E:\MDK\C51\BIN\C51.EXE ..\bsp\bsp_table.c OPTIMIZE(8,SPEED) BROWSE INCDIR(..\bsp;..\lib;..\TimeOut;
                    -..\user) DEBUG OBJECTEXTEND PRINT(.\Listings\bsp_table.lst) TABS(7) OBJECT(.\Objects\bsp_table.obj)

line level    source

   1          #include "bsp_table.h"
   2          
   3          
   4          void TableKeyInit(void)
   5          {
   6   1              P0CON &= ~0X01;
   7   1               P0PH    |= 0X01;
   8   1      }
   9          
  10          unsigned char TableReturnValue(void)
  11          {
  12   1             if(TABLE_DOWN == TableKeyPin)
  13   1             {
  14   2                   return TABLE_ENABLE;  
  15   2             }
  16   1             else
  17   1             {
  18   2                    return TABLE_DISABLE;
  19   2             }
  20   1      }
  21          


MODULE INFORMATION:   STATIC OVERLAYABLE
   CODE SIZE        =     16    ----
   CONSTANT SIZE    =   ----    ----
   XDATA SIZE       =   ----    ----
   PDATA SIZE       =   ----    ----
   DATA SIZE        =   ----    ----
   IDATA SIZE       =   ----    ----
   BIT SIZE         =   ----    ----
END OF MODULE INFORMATION.


C51 COMPILATION COMPLETE.  0 WARNING(S),  0 ERROR(S)
