C51 COMPILER V9.59.0.0   BSP_PWM                                                           04/15/2019 11:37:19 PAGE 1   


C51 COMPILER V9.59.0.0, COMPILATION OF MODULE BSP_PWM
OBJECT MODULE PLACED IN .\Objects\bsp_pwm.obj
COMPILER INVOKED BY: E:\MDK\C51\BIN\C51.EXE ..\bsp\bsp_pwm.c OPTIMIZE(8,SPEED) BROWSE INCDIR(..\bsp;..\lib;..\user;..\Ti
                    -meOut) DEBUG OBJECTEXTEND PRINT(.\Listings\bsp_pwm.lst) TABS(7) OBJECT(.\Objects\bsp_pwm.obj)

line level    source

   1          #include "bsp_pwm.h"
   2          
   3          unsigned char Pwm_Level;
   4          unsigned int PwmAutoCount100us;
   5          
   6          void Pwm_Init(void)
   7          {
   8   1             P0CON |= 0X01;
   9   1             P0PH   &= ~0X01;
  10   1      }
  11          
  12          void Pwm15_Level(void)
  13          {
  14   1             Pwm_Level = 15;
  15   1      }
  16          
  17          void Pwm100_Level(void)
  18          {
  19   1             Pwm_Level = 100;
  20   1      }
  21          
  22          void Pwm_Handle(void)
  23          {
  24   1             PwmAutoCount100us ++;
  25   1             if(PwmAutoCount100us > 100)
  26   1             {
  27   2                    PwmAutoCount100us = 0;
  28   2             }
  29   1             if(PwmAutoCount100us > Pwm_Level)
  30   1             {
  31   2                    PWM_SET(0);
  32   2             }
  33   1             else
  34   1             {
  35   2                    PWM_SET(1);
  36   2             }
  37   1      }
  38          
  39          


MODULE INFORMATION:   STATIC OVERLAYABLE
   CODE SIZE        =     54    ----
   CONSTANT SIZE    =   ----    ----
   XDATA SIZE       =   ----    ----
   PDATA SIZE       =   ----    ----
   DATA SIZE        =      3    ----
   IDATA SIZE       =   ----    ----
   BIT SIZE         =   ----    ----
END OF MODULE INFORMATION.


C51 COMPILATION COMPLETE.  0 WARNING(S),  0 ERROR(S)
