C51 COMPILER V9.59.0.0   SYSTEM                                                            04/11/2019 18:38:01 PAGE 1   


C51 COMPILER V9.59.0.0, COMPILATION OF MODULE SYSTEM
OBJECT MODULE PLACED IN .\Objects\system.obj
COMPILER INVOKED BY: E:\MDK\C51\BIN\C51.EXE ..\user\system.c OPTIMIZE(8,SPEED) BROWSE INCDIR(..\bsp;..\lib;..\user;..\Ti
                    -meOut) DEBUG OBJECTEXTEND PRINT(.\Listings\system.lst) TABS(7) OBJECT(.\Objects\system.obj)

line level    source

   1          #include "system.h"
   2          
   3          extern unsigned char SendBackData;
   4          TIMEOUT_PARA TimeOut_Para[2];
   5          
   6          void System_Init(void)
   7          {
   8   1             TimeOutDet_Init();
   9   1             Pwm_Init();
  10   1             Pwm15_Level();
  11   1             Motro_Init();
  12   1             Led_Init();
  13   1             Lock_Init();
  14   1             Timer_Init();
  15   1             Key_Init();
  16   1             Key_Register(Key_Function);
  17   1             Uart_Init(2,9600);
  18   1      }
  19          
  20          void System_Handle(void)
  21          {
  22   1             Key_Poll();
  23   1             if(TimeOutDet_Check(&TimeOut_Para[0]))
  24   1             {
  25   2                    TimeOut_Record(&TimeOut_Para[0],700);//45ms
  26   2                    Protocol_Send(0xfa,0xfb,SendBackData);
  27   2             }
  28   1      }
  29          
  30          
  31          
  32          


MODULE INFORMATION:   STATIC OVERLAYABLE
   CODE SIZE        =     90    ----
   CONSTANT SIZE    =   ----    ----
   XDATA SIZE       =   ----    ----
   PDATA SIZE       =   ----    ----
   DATA SIZE        =     16    ----
   IDATA SIZE       =   ----    ----
   BIT SIZE         =   ----    ----
END OF MODULE INFORMATION.


C51 COMPILATION COMPLETE.  0 WARNING(S),  0 ERROR(S)
